<?xml version="1.0" encoding="UTF-8"?>
<!-- Generated by org.testng.reporters.JUnitReportReporter -->
<testsuite skipped="0" hostname="VickyKannan" name="a1_googletest.A1_SampleGoogle" tests="1" failures="0" timestamp="10 Aug 2023 05:05:58 GMT" time="11.502" errors="0">
  <testcase name="loginGoogletest" time="11.502" classname="a1_googletest.A1_SampleGoogle"/>
</testsuite> <!-- a1_googletest.A1_SampleGoogle -->
