<?xml version="1.0" encoding="UTF-8"?>
<!-- Generated by org.testng.reporters.JUnitReportReporter -->
<testsuite skipped="0" hostname="VickyKannan" name="a2_bingTest.A1_SampleBing" tests="1" failures="0" timestamp="10 Aug 2023 05:05:58 GMT" time="7.030" errors="0">
  <testcase name="loginBingtest" time="7.030" classname="a2_bingTest.A1_SampleBing"/>
</testsuite> <!-- a2_bingTest.A1_SampleBing -->
